[debug] [2023-10-23T22:52:58.749Z] ----------------------------------------------------------------------
[debug] [2023-10-23T22:52:58.750Z] Command:       /Users/prateek/.nvm/versions/node/v18.16.0/bin/node /Users/prateek/.nvm/versions/node/v18.16.0/bin/firebase init hosting
[debug] [2023-10-23T22:52:58.751Z] CLI Version:   12.7.0
[debug] [2023-10-23T22:52:58.751Z] Platform:      darwin
[debug] [2023-10-23T22:52:58.751Z] Node Version:  v18.16.0
[debug] [2023-10-23T22:52:58.756Z] Time:          Mon Oct 23 2023 23:52:58 GMT+0100 (British Summer Time)
[debug] [2023-10-23T22:52:58.756Z] ----------------------------------------------------------------------
[debug] 
[debug] [2023-10-23T22:52:58.757Z] >>> [apiv2][query] GET https://firebase-public.firebaseio.com/cli.json [none]
[debug] [2023-10-23T22:52:58.781Z] > command requires scopes: ["email","openid","https://www.googleapis.com/auth/cloudplatformprojects.readonly","https://www.googleapis.com/auth/firebase","https://www.googleapis.com/auth/cloud-platform"]
[debug] [2023-10-23T22:52:58.781Z] > authorizing via signed-in user (prateekdav@gmail.com)
[info] 
     ######## #### ########  ######## ########     ###     ######  ########
     ##        ##  ##     ## ##       ##     ##  ##   ##  ##       ##
     ######    ##  ########  ######   ########  #########  ######  ######
     ##        ##  ##    ##  ##       ##     ## ##     ##       ## ##
     ##       #### ##     ## ######## ########  ##     ##  ######  ########

You're about to initialize a Firebase project in this directory:

  /Users/prateek/Desktop/fireship/my-app

[info] 
=== Project Setup
[info] 
[info] First, let's associate this project directory with a Firebase project.
[info] You can create multiple project aliases by running firebase use --add, 
[info] but for now we'll just set up a default project.
[info] 
[debug] [2023-10-23T22:52:59.129Z] <<< [apiv2][status] GET https://firebase-public.firebaseio.com/cli.json 200
[debug] [2023-10-23T22:52:59.129Z] <<< [apiv2][body] GET https://firebase-public.firebaseio.com/cli.json {"cloudBuildErrorAfter":1594252800000,"cloudBuildWarnAfter":1590019200000,"defaultNode10After":1594252800000,"minVersion":"3.0.5","node8DeploysDisabledAfter":1613390400000,"node8RuntimeDisabledAfter":1615809600000,"node8WarnAfter":1600128000000}
[debug] [2023-10-23T22:53:03.598Z] > refreshing access token with scopes: []
[debug] [2023-10-23T22:53:03.599Z] >>> [apiv2][query] POST https://www.googleapis.com/oauth2/v3/token [none]
[debug] [2023-10-23T22:53:03.599Z] >>> [apiv2][body] POST https://www.googleapis.com/oauth2/v3/token [omitted]
[debug] [2023-10-23T22:53:03.768Z] <<< [apiv2][status] POST https://www.googleapis.com/oauth2/v3/token 200
[debug] [2023-10-23T22:53:03.768Z] <<< [apiv2][body] POST https://www.googleapis.com/oauth2/v3/token [omitted]
[debug] [2023-10-23T22:53:03.788Z] >>> [apiv2][query] GET https://firebase.googleapis.com/v1beta1/projects pageSize=100
[debug] [2023-10-23T22:53:04.503Z] <<< [apiv2][status] GET https://firebase.googleapis.com/v1beta1/projects 200
[debug] [2023-10-23T22:53:04.503Z] <<< [apiv2][body] GET https://firebase.googleapis.com/v1beta1/projects [omitted]
[info] i  Using project flipperpwa (flipper-was) 
[info] 
=== Hosting Setup
[info] 
[info] Your public directory is the folder (relative to your project directory) that
[info] will contain Hosting assets to be uploaded with firebase deploy. If you
[info] have a build process for your assets, use your build's output directory.
[info] 
[debug] [2023-10-23T22:53:26.716Z] >>> [apiv2][query] GET https://www.gstatic.com/firebasejs/releases.json [none]
[debug] [2023-10-23T22:53:26.833Z] <<< [apiv2][status] GET https://www.gstatic.com/firebasejs/releases.json 200
[debug] [2023-10-23T22:53:26.834Z] <<< [apiv2][body] GET https://www.gstatic.com/firebasejs/releases.json {"current":{"version":"10.5.0","browserURL":"https://www.gstatic.com/firebasejs/10.5.0/firebase.js","packageURL":"https://www.gstatic.com/firebasejs/10.5.0/firebase.tgz"},"live":{"version":"10.5","browserURL":"https://www.gstatic.com/firebasejs/live/10.5/firebase.js","packageURL":"https://www.gstatic.com/firebasejs/live/10.5/firebase.tgz"},"components":{"analytics":"https://www.gstatic.com/firebasejs/10.5.0/firebase-analytics.js","app":"https://www.gstatic.com/firebasejs/10.5.0/firebase-app.js","app-check":"https://www.gstatic.com/firebasejs/10.5.0/firebase-app-check.js","auth":"https://www.gstatic.com/firebasejs/10.5.0/firebase-auth.js","auth/cordova":"https://www.gstatic.com/firebasejs/10.5.0/firebase-auth/cordova.js","functions":"https://www.gstatic.com/firebasejs/10.5.0/firebase-functions.js","firestore":"https://www.gstatic.com/firebasejs/10.5.0/firebase-firestore.js","firestore/lite":"https://www.gstatic.com/firebasejs/10.5.0/firebase-firestore/lite.js","installations":"https://www.gstatic.com/firebasejs/10.5.0/firebase-installations.js","storage":"https://www.gstatic.com/firebasejs/10.5.0/firebase-storage.js","performance":"https://www.gstatic.com/firebasejs/10.5.0/firebase-performance.js","remote-config":"https://www.gstatic.com/firebasejs/10.5.0/firebase-remote-config.js","messaging":"https://www.gstatic.com/firebasejs/10.5.0/firebase-messaging.js","messaging/sw":"https://www.gstatic.com/firebasejs/10.5.0/firebase-messaging/sw.js","database":"https://www.gstatic.com/firebasejs/10.5.0/firebase-database.js","firestore.memory":"https://www.gstatic.com/firebasejs/10.5.0/firebase-firestore.memory.js"}}
[info] ✔  Wrote build/index.html 
[info] 
[info] i  Detected a .git folder at /Users/prateek/Desktop/fireship/my-app 
[info] i  Authorizing with GitHub to upload your service account to a GitHub repository's secrets store. 
[info] 
[info] Visit this URL on this device to log in:
[info] https://github.com/login/oauth/authorize?client_id=89cf50f02ac6aaed3484&state=839546480&redirect_uri=http%3A%2F%2Flocalhost%3A9005&scope=read%3Auser%20repo%20public_repo
[info] 
[info] Waiting for authentication...
[debug] [2023-10-23T22:53:32.659Z] >>> [apiv2][query] POST https://github.com/login/oauth/access_token [none]
[debug] [2023-10-23T22:53:32.659Z] >>> [apiv2][body] POST https://github.com/login/oauth/access_token [stream]
[debug] [2023-10-23T22:53:33.009Z] <<< [apiv2][status] POST https://github.com/login/oauth/access_token 200
[debug] [2023-10-23T22:53:33.009Z] <<< [apiv2][body] POST https://github.com/login/oauth/access_token {"access_token":"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","token_type":"bearer","scope":"read:user,repo"}
[debug] [2023-10-23T22:53:33.017Z] >>> [apiv2][query] GET https://api.github.com/user [none]
[debug] [2023-10-23T22:53:33.340Z] <<< [apiv2][status] GET https://api.github.com/user 200
[debug] [2023-10-23T22:53:33.340Z] <<< [apiv2][body] GET https://api.github.com/user {"login":"Prateek-Kaizoku","id":128330207,"node_id":"U_kgDOB6Yp3w","avatar_url":"https://avatars.githubusercontent.com/u/128330207?v=4","gravatar_id":"","url":"https://api.github.com/users/Prateek-Kaizoku","html_url":"https://github.com/Prateek-Kaizoku","followers_url":"https://api.github.com/users/Prateek-Kaizoku/followers","following_url":"https://api.github.com/users/Prateek-Kaizoku/following{/other_user}","gists_url":"https://api.github.com/users/Prateek-Kaizoku/gists{/gist_id}","starred_url":"https://api.github.com/users/Prateek-Kaizoku/starred{/owner}{/repo}","subscriptions_url":"https://api.github.com/users/Prateek-Kaizoku/subscriptions","organizations_url":"https://api.github.com/users/Prateek-Kaizoku/orgs","repos_url":"https://api.github.com/users/Prateek-Kaizoku/repos","events_url":"https://api.github.com/users/Prateek-Kaizoku/events{/privacy}","received_events_url":"https://api.github.com/users/Prateek-Kaizoku/received_events","type":"User","site_admin":false,"name":null,"company":null,"blog":"","location":null,"email":null,"hireable":null,"bio":null,"twitter_username":null,"public_repos":5,"public_gists":0,"followers":2,"following":2,"created_at":"2023-03-19T23:01:23Z","updated_at":"2023-10-23T22:53:30Z","private_gists":0,"total_private_repos":4,"owned_private_repos":4,"disk_usage":34383,"collaborators":0,"two_factor_authentication":false,"plan":{"name":"pro","space":976562499,"collaborators":0,"private_repos":9999}}
[info] 
[info] ✔  Success! Logged into GitHub as Prateek-Kaizoku 
[info] 
[debug] [2023-10-23T22:53:50.024Z] >>> [apiv2][query] GET https://api.github.com/repos/y/actions/secrets/public-key type=owner
[debug] [2023-10-23T22:53:50.326Z] <<< [apiv2][status] GET https://api.github.com/repos/y/actions/secrets/public-key 404
[debug] [2023-10-23T22:53:50.327Z] <<< [apiv2][body] GET https://api.github.com/repos/y/actions/secrets/public-key {"message":"Not Found","documentation_url":"https://docs.github.com/rest"}
[info] 
[info] 
[error] ⚠  The provided authorization cannot be used with this repository. If this repository is in an organization, did you remember to grant access? 
[info] 
[info] i  Action required: Visit this URL to ensure access has been granted to the appropriate organization(s) for the Firebase CLI GitHub OAuth App: 
[info] https://github.com/settings/connections/applications/89cf50f02ac6aaed3484
[info] 
[debug] [2023-10-23T22:53:51.755Z] >>> [apiv2][query] GET https://api.github.com/repos/y/actions/secrets/public-key type=owner
[debug] [2023-10-23T22:53:52.035Z] <<< [apiv2][status] GET https://api.github.com/repos/y/actions/secrets/public-key 404
[debug] [2023-10-23T22:53:52.035Z] <<< [apiv2][body] GET https://api.github.com/repos/y/actions/secrets/public-key {"message":"Not Found","documentation_url":"https://docs.github.com/rest"}
[info] 
[info] 
[error] ⚠  The provided authorization cannot be used with this repository. If this repository is in an organization, did you remember to grant access? 
[info] 
[info] i  Action required: Visit this URL to ensure access has been granted to the appropriate organization(s) for the Firebase CLI GitHub OAuth App: 
[info] https://github.com/settings/connections/applications/89cf50f02ac6aaed3484
[info] 
